<?xml version="1.0" encoding="UTF-8"?>
<testng-results ignored="0" total="1" passed="1" failed="0" skipped="0">
  <reporter-output>
  </reporter-output>
  <suite started-at="2025-04-05T18:25:20 IST" name="Suite" finished-at="2025-04-05T18:25:26 IST" duration-ms="5998">
    <groups>
    </groups>
    <test started-at="2025-04-05T18:25:20 IST" name="Test" finished-at="2025-04-05T18:25:26 IST" duration-ms="5998">
      <class name="testCases.TC005_Search">
        <test-method is-config="true" signature="setUp(java.lang.String,java.lang.String)[pri:0, instance:testCases.TC005_Search@27d4a09]" started-at="2025-04-05T18:25:20 IST" name="setUp" finished-at="2025-04-05T18:25:24 IST" duration-ms="4554" status="PASS">
          <params>
            <param index="0">
              <value>
                <![CDATA[window]]>
              </value>
            </param>
            <param index="1">
              <value>
                <![CDATA[chrome]]>
              </value>
            </param>
          </params>
          <reporter-output>
          </reporter-output>
        </test-method> <!-- setUp -->
        <test-method signature="verify_search()[pri:0, instance:testCases.TC005_Search@27d4a09]" started-at="2025-04-05T18:25:24 IST" name="verify_search" finished-at="2025-04-05T18:25:25 IST" duration-ms="1069" status="PASS">
          <reporter-output>
          </reporter-output>
        </test-method> <!-- verify_search -->
        <test-method is-config="true" signature="tearDown()[pri:0, instance:testCases.TC005_Search@27d4a09]" started-at="2025-04-05T18:25:25 IST" name="tearDown" finished-at="2025-04-05T18:25:26 IST" duration-ms="183" status="PASS">
          <reporter-output>
          </reporter-output>
        </test-method> <!-- tearDown -->
      </class> <!-- testCases.TC005_Search -->
    </test> <!-- Test -->
  </suite> <!-- Suite -->
</testng-results>
