<?xml version="1.0" encoding="UTF-8"?>
<testng-results ignored="0" total="1" passed="1" failed="0" skipped="0">
  <reporter-output>
  </reporter-output>
  <suite started-at="2025-05-03T17:27:39 IST" name="Suite" finished-at="2025-05-03T17:27:55 IST" duration-ms="16552">
    <groups>
    </groups>
    <test started-at="2025-05-03T17:27:39 IST" name="Test" finished-at="2025-05-03T17:27:55 IST" duration-ms="16552">
      <class name="testCases.TC0011_Logout">
        <test-method is-config="true" signature="setUp(java.lang.String,java.lang.String)[pri:0, instance:testCases.TC0011_Logout@27d4a09]" started-at="2025-05-03T17:27:39 IST" name="setUp" finished-at="2025-05-03T17:27:43 IST" duration-ms="4155" status="PASS">
          <params>
            <param index="0">
              <value>
                <![CDATA[window]]>
              </value>
            </param>
            <param index="1">
              <value>
                <![CDATA[chrome]]>
              </value>
            </param>
          </params>
          <reporter-output>
          </reporter-output>
        </test-method> <!-- setUp -->
        <test-method signature="verify_logout()[pri:0, instance:testCases.TC0011_Logout@27d4a09]" started-at="2025-05-03T17:27:43 IST" name="verify_logout" finished-at="2025-05-03T17:27:55 IST" duration-ms="11683" status="PASS">
          <reporter-output>
          </reporter-output>
        </test-method> <!-- verify_logout -->
        <test-method is-config="true" signature="tearDown()[pri:0, instance:testCases.TC0011_Logout@27d4a09]" started-at="2025-05-03T17:27:55 IST" name="tearDown" finished-at="2025-05-03T17:27:55 IST" duration-ms="350" status="PASS">
          <reporter-output>
          </reporter-output>
        </test-method> <!-- tearDown -->
      </class> <!-- testCases.TC0011_Logout -->
    </test> <!-- Test -->
  </suite> <!-- Suite -->
</testng-results>
