<?xml version="1.0" encoding="UTF-8"?>
<testng-results ignored="0" total="2" passed="2" failed="0" skipped="0">
  <reporter-output>
  </reporter-output>
  <suite started-at="2025-03-29T15:43:49 IST" name="Suite" finished-at="2025-03-29T15:44:05 IST" duration-ms="15877">
    <groups>
      <group name="Sanity">
        <method signature="TC002_Login.verify_account()[pri:0, instance:testCases.TC002_Login@5a1de7fb]" name="verify_account" class="testCases.TC002_Login"/>
      </group> <!-- Sanity -->
      <group name="Regression">
        <method signature="TC001_Registration.test_Register()[pri:0, instance:testCases.TC001_Registration@b7c4869]" name="test_Register" class="testCases.TC001_Registration"/>
      </group> <!-- Regression -->
      <group name="master">
        <method signature="TC001_Registration.test_Register()[pri:0, instance:testCases.TC001_Registration@b7c4869]" name="test_Register" class="testCases.TC001_Registration"/>
        <method signature="TC002_Login.verify_account()[pri:0, instance:testCases.TC002_Login@5a1de7fb]" name="verify_account" class="testCases.TC002_Login"/>
      </group> <!-- master -->
    </groups>
    <test started-at="2025-03-29T15:43:49 IST" name="Test" finished-at="2025-03-29T15:44:05 IST" duration-ms="15877">
      <class name="testCases.TC002_Login">
        <test-method is-config="true" signature="setUp(java.lang.String,java.lang.String)[pri:0, instance:testCases.TC002_Login@5a1de7fb]" started-at="2025-03-29T15:43:59 IST" name="setUp" finished-at="2025-03-29T15:44:03 IST" duration-ms="3557" status="PASS">
          <params>
            <param index="0">
              <value>
                <![CDATA[window]]>
              </value>
            </param>
            <param index="1">
              <value>
                <![CDATA[chrome]]>
              </value>
            </param>
          </params>
          <reporter-output>
          </reporter-output>
        </test-method> <!-- setUp -->
        <test-method signature="verify_account()[pri:0, instance:testCases.TC002_Login@5a1de7fb]" started-at="2025-03-29T15:44:03 IST" name="verify_account" finished-at="2025-03-29T15:44:05 IST" duration-ms="1625" status="PASS">
          <reporter-output>
          </reporter-output>
        </test-method> <!-- verify_account -->
        <test-method is-config="true" signature="tearDown()[pri:0, instance:testCases.TC002_Login@5a1de7fb]" started-at="2025-03-29T15:44:05 IST" name="tearDown" finished-at="2025-03-29T15:44:05 IST" duration-ms="438" status="PASS">
          <reporter-output>
          </reporter-output>
        </test-method> <!-- tearDown -->
      </class> <!-- testCases.TC002_Login -->
      <class name="testCases.TC001_Registration">
        <test-method is-config="true" signature="setUp(java.lang.String,java.lang.String)[pri:0, instance:testCases.TC001_Registration@b7c4869]" started-at="2025-03-29T15:43:49 IST" name="setUp" finished-at="2025-03-29T15:43:57 IST" duration-ms="7550" status="PASS">
          <params>
            <param index="0">
              <value>
                <![CDATA[window]]>
              </value>
            </param>
            <param index="1">
              <value>
                <![CDATA[chrome]]>
              </value>
            </param>
          </params>
          <reporter-output>
          </reporter-output>
        </test-method> <!-- setUp -->
        <test-method signature="test_Register()[pri:0, instance:testCases.TC001_Registration@b7c4869]" started-at="2025-03-29T15:43:57 IST" name="test_Register" finished-at="2025-03-29T15:43:59 IST" duration-ms="1888" status="PASS">
          <reporter-output>
          </reporter-output>
        </test-method> <!-- test_Register -->
        <test-method is-config="true" signature="tearDown()[pri:0, instance:testCases.TC001_Registration@b7c4869]" started-at="2025-03-29T15:43:59 IST" name="tearDown" finished-at="2025-03-29T15:43:59 IST" duration-ms="486" status="PASS">
          <reporter-output>
          </reporter-output>
        </test-method> <!-- tearDown -->
      </class> <!-- testCases.TC001_Registration -->
    </test> <!-- Test -->
  </suite> <!-- Suite -->
</testng-results>
