<?xml version="1.0" encoding="UTF-8"?>
<!-- Generated by org.testng.reporters.JUnitReportReporter -->
<testsuite hostname="Ashwitha" failures="0" tests="7" name="testCases.TC006_SearchDDT" time="61.374" errors="0" timestamp="2025-04-05T18:09:04 IST" skipped="0">
  <testcase classname="testCases.TC006_SearchDDT" name="verify_search" time="7.541"/>
  <testcase classname="testCases.TC006_SearchDDT" name="verify_search" time="11.070"/>
  <testcase classname="testCases.TC006_SearchDDT" name="verify_search" time="7.506"/>
  <testcase classname="testCases.TC006_SearchDDT" name="verify_search" time="6.504"/>
  <testcase classname="testCases.TC006_SearchDDT" name="verify_search" time="11.195"/>
  <testcase classname="testCases.TC006_SearchDDT" name="verify_search" time="11.040"/>
  <testcase classname="testCases.TC006_SearchDDT" name="verify_search" time="6.518"/>
</testsuite> <!-- testCases.TC006_SearchDDT -->
