<?xml version="1.0" encoding="UTF-8"?>
<!-- Generated by org.testng.reporters.JUnitReportReporter -->
<testsuite hostname="Ashwitha" failures="1" tests="8" name="testCases.TC008_AdvanceSearchDDT" time="133.868" errors="0" timestamp="2025-04-27T19:27:48 IST" skipped="0">
  <testcase classname="testCases.TC008_AdvanceSearchDDT" name="verify_search" time="13.853"/>
  <testcase classname="testCases.TC008_AdvanceSearchDDT" name="verify_search" time="22.961"/>
  <testcase classname="testCases.TC008_AdvanceSearchDDT" name="verify_search" time="17.951"/>
  <testcase classname="testCases.TC008_AdvanceSearchDDT" name="verify_search" time="13.412"/>
  <testcase classname="testCases.TC008_AdvanceSearchDDT" name="verify_search" time="13.895"/>
  <testcase classname="testCases.TC008_AdvanceSearchDDT" name="verify_search" time="16.277"/>
  <testcase classname="testCases.TC008_AdvanceSearchDDT" name="verify_search" time="14.583"/>
  <testcase classname="testCases.TC008_AdvanceSearchDDT" name="verify_search" time="20.936">
    <failure message="null" type="java.lang.AssertionError">
      <![CDATA[java.lang.AssertionError: null
at org.testng.Assert.fail(Assert.java:111)
at org.testng.Assert.fail(Assert.java:116)
at testCases.TC008_AdvanceSearchDDT.verify_search(TC008_AdvanceSearchDDT.java:51)
at java.base/jdk.internal.reflect.DirectMethodHandleAccessor.invoke(DirectMethodHandleAccessor.java:103)
at java.base/java.lang.reflect.Method.invoke(Method.java:580)
at org.testng.internal.invokers.MethodInvocationHelper.invokeMethod(MethodInvocationHelper.java:141)
at org.testng.internal.invokers.TestInvoker.invokeMethod(TestInvoker.java:687)
at org.testng.internal.invokers.TestInvoker.invokeTestMethod(TestInvoker.java:230)
at org.testng.internal.invokers.MethodRunner.runInSequence(MethodRunner.java:63)
at org.testng.internal.invokers.TestInvoker$MethodInvocationAgent.invoke(TestInvoker.java:995)
at org.testng.internal.invokers.TestInvoker.invokeTestMethods(TestInvoker.java:203)
at org.testng.internal.invokers.TestMethodWorker.invokeTestMethods(TestMethodWorker.java:154)
at org.testng.internal.invokers.TestMethodWorker.run(TestMethodWorker.java:134)
at java.base/java.util.ArrayList.forEach(ArrayList.java:1596)
at org.testng.TestRunner.privateRun(TestRunner.java:741)
at org.testng.TestRunner.run(TestRunner.java:616)
at org.testng.SuiteRunner.runTest(SuiteRunner.java:421)
at org.testng.SuiteRunner.runSequentially(SuiteRunner.java:413)
at org.testng.SuiteRunner.privateRun(SuiteRunner.java:373)
at org.testng.SuiteRunner.run(SuiteRunner.java:312)
at org.testng.SuiteRunnerWorker.runSuite(SuiteRunnerWorker.java:52)
at org.testng.SuiteRunnerWorker.run(SuiteRunnerWorker.java:95)
at org.testng.TestNG.runSuitesSequentially(TestNG.java:1274)
at org.testng.TestNG.runSuitesLocally(TestNG.java:1208)
at org.testng.TestNG.runSuites(TestNG.java:1112)
at org.testng.TestNG.run(TestNG.java:1079)
at org.testng.remote.AbstractRemoteTestNG.run(AbstractRemoteTestNG.java:115)
at org.testng.remote.RemoteTestNG.initAndRun(RemoteTestNG.java:293)
at org.testng.remote.RemoteTestNG.main(RemoteTestNG.java:91)
]]>
    </failure>
  </testcase> <!-- verify_search -->
</testsuite> <!-- testCases.TC008_AdvanceSearchDDT -->
